C51 COMPILER V9.55   DELAY                                                                 01/02/2021 06:05:40 PAGE 1   


C51 COMPILER V9.55, COMPILATION OF MODULE DELAY
OBJECT MODULE PLACED IN .\Objects\Delay.obj
COMPILER INVOKED BY: C:\Keil_v5\C51\BIN\C51.EXE System\Delay.c OPTIMIZE(8,SPEED) BROWSE INCDIR(.\MAIN;.\I2C;.\QN8027;.\S
                    -ystem;.\NUMLED) DEBUG OBJECTEXTEND PRINT(.\Listings\Delay.lst) OBJECT(.\Objects\Delay.obj)

line level    source

   1          //影隐劫(ZGT)
   2          #include "Delay.h"
   3          /*******************************************************************************
   4          * 函数名         :Delay_Ms_(ms)
   5          * 函数功能       :延时ms毫秒
   6          * 输入           :ms毫秒
   7          * 输出           :无
   8          *******************************************************************************/
   9          void Delay_Ms_(unsigned int ms)
  10          {
  11   1              unsigned int i;
  12   1              do{
  13   2                      i = Main_Fosc / 96000;
  14   2                      while(--i);
  15   2              }while(--ms);
  16   1      }
  17          /*******************************************************************************
  18          * 函数名         :Delay_5us_
  19          * 函数功能       :延时5us
  20          * 输入           :无
  21          * 输出           :无
  22          *******************************************************************************/
  23          //void Delay_5us_(void)
  24          //{
  25          //      #if Main_Fosc == 11059200       
  26          //               _nop_();       //这里只采用一个_nop_指令是因为进入和退出该函数需要2个机器周期
  27          //                                      //再执行一个机器周期恰好5个5us多一点毕竟有点误差
  28          //      #elif Main_Fosc == 12000000
  29          //              _nop_();
  30          //      #elif Main_Fosc == 22118400
  31          //              _nop_();_nop_();_nop_();
  32          //      #endif
  33          //}


MODULE INFORMATION:   STATIC OVERLAYABLE
   CODE SIZE        =     23    ----
   CONSTANT SIZE    =   ----    ----
   XDATA SIZE       =   ----    ----
   PDATA SIZE       =   ----    ----
   DATA SIZE        =   ----    ----
   IDATA SIZE       =   ----    ----
   BIT SIZE         =   ----    ----
END OF MODULE INFORMATION.


C51 COMPILATION COMPLETE.  0 WARNING(S),  0 ERROR(S)
